GPU available: True (cuda), used: True
TPU available: False, using: 0 TPU cores
💡 Tip: For seamless cloud logging and experiment tracking, try installing [litlogger](https://pypi.org/project/litlogger/) to enable LitLogger, which logs metrics and artifacts automatically to the Lightning Experiments platform.
/home/austen/ComputerVisionProject/SaMam/.venv/lib/python3.10/site-packages/pytorch_lightning/callbacks/model_checkpoint.py:881: Checkpoint directory /home/austen/ComputerVisionProject/SaMam/OUTPUT/ps8_lr2e-04_bs8_it5k_id1_es0_hb0_ssim0_ssim_w2_silu_20260512_093038 exists and is not empty.
LOCAL_RANK: 0 - CUDA_VISIBLE_DEVICES: [0]
SLURM auto-requeueing enabled. Setting signal handlers.
/home/austen/ComputerVisionProject/SaMam/.venv/lib/python3.10/site-packages/pytorch_lightning/trainer/connectors/data_connector.py:434: The 'val_dataloader' does not have many workers which may be a bottleneck. Consider increasing the value of the `num_workers` argument` to `num_workers=23` in the `DataLoader` to improve performance.
/home/austen/ComputerVisionProject/SaMam/TRAIN/lightning_module/dataset.py:101: 
image file is truncated (24 bytes not processed)
	Files: [TRAIN/Dataset/MS_COCO/train2017/000000511269.jpg, TRAIN/Dataset/wikiart/train/92899.jpg]
/home/austen/ComputerVisionProject/SaMam/TRAIN/lightning_module/dataset.py:101: 
image file is truncated (0 bytes not processed)
	Files: [TRAIN/Dataset/MS_COCO/train2017/000000369321.jpg, TRAIN/Dataset/wikiart/train/95347.jpg]
slurmstepd-node5: error: *** JOB 1649 ON node5 CANCELLED AT 2026-05-12T09:56:52 ***
[rank: 0] Received SIGTERM: 15
Bypassing SIGTERM: 15
Traceback (most recent call last):
  File "/home/austen/ComputerVisionProject/SaMam/./TRAIN/train_SaMam.py", line 280, in <module>
    trainer.fit(model, datamodule=datamodule)
  File "/home/austen/ComputerVisionProject/SaMam/.venv/lib/python3.10/site-packages/pytorch_lightning/trainer/trainer.py", line 584, in fit
    call._call_and_handle_interrupt(
  File "/home/austen/ComputerVisionProject/SaMam/.venv/lib/python3.10/site-packages/pytorch_lightning/trainer/call.py", line 49, in _call_and_handle_interrupt
    return trainer_fn(*args, **kwargs)
  File "/home/austen/ComputerVisionProject/SaMam/.venv/lib/python3.10/site-packages/pytorch_lightning/trainer/trainer.py", line 630, in _fit_impl
    self._run(model, ckpt_path=ckpt_path, weights_only=weights_only)
  File "/home/austen/ComputerVisionProject/SaMam/.venv/lib/python3.10/site-packages/pytorch_lightning/trainer/trainer.py", line 1079, in _run
    results = self._run_stage()
  File "/home/austen/ComputerVisionProject/SaMam/.venv/lib/python3.10/site-packages/pytorch_lightning/trainer/trainer.py", line 1123, in _run_stage
    self.fit_loop.run()
  File "/home/austen/ComputerVisionProject/SaMam/.venv/lib/python3.10/site-packages/pytorch_lightning/loops/fit_loop.py", line 217, in run
    self.advance()
  File "/home/austen/ComputerVisionProject/SaMam/.venv/lib/python3.10/site-packages/pytorch_lightning/loops/fit_loop.py", line 465, in advance
    self.epoch_loop.run(self._data_fetcher)
  File "/home/austen/ComputerVisionProject/SaMam/.venv/lib/python3.10/site-packages/pytorch_lightning/loops/training_epoch_loop.py", line 153, in run
    self.advance(data_fetcher)
  File "/home/austen/ComputerVisionProject/SaMam/.venv/lib/python3.10/site-packages/pytorch_lightning/loops/training_epoch_loop.py", line 352, in advance
    batch_output = self.automatic_optimization.run(trainer.optimizers[0], batch_idx, kwargs)
  File "/home/austen/ComputerVisionProject/SaMam/.venv/lib/python3.10/site-packages/pytorch_lightning/loops/optimization/automatic.py", line 192, in run
    self._optimizer_step(batch_idx, closure)
  File "/home/austen/ComputerVisionProject/SaMam/.venv/lib/python3.10/site-packages/pytorch_lightning/loops/optimization/automatic.py", line 270, in _optimizer_step
    call._call_lightning_module_hook(
  File "/home/austen/ComputerVisionProject/SaMam/.venv/lib/python3.10/site-packages/pytorch_lightning/trainer/call.py", line 177, in _call_lightning_module_hook
    output = fn(*args, **kwargs)
  File "/home/austen/ComputerVisionProject/SaMam/.venv/lib/python3.10/site-packages/pytorch_lightning/core/module.py", line 1368, in optimizer_step
    optimizer.step(closure=optimizer_closure)
  File "/home/austen/ComputerVisionProject/SaMam/.venv/lib/python3.10/site-packages/pytorch_lightning/core/optimizer.py", line 154, in step
    step_output = self._strategy.optimizer_step(self._optimizer, closure, **kwargs)
  File "/home/austen/ComputerVisionProject/SaMam/.venv/lib/python3.10/site-packages/pytorch_lightning/strategies/strategy.py", line 239, in optimizer_step
    return self.precision_plugin.optimizer_step(optimizer, model=model, closure=closure, **kwargs)
  File "/home/austen/ComputerVisionProject/SaMam/.venv/lib/python3.10/site-packages/pytorch_lightning/plugins/precision/precision.py", line 123, in optimizer_step
    return optimizer.step(closure=closure, **kwargs)
  File "/home/austen/ComputerVisionProject/SaMam/.venv/lib/python3.10/site-packages/torch/optim/lr_scheduler.py", line 75, in wrapper
    return wrapped(*args, **kwargs)
  File "/home/austen/ComputerVisionProject/SaMam/.venv/lib/python3.10/site-packages/torch/optim/optimizer.py", line 391, in wrapper
    out = func(*args, **kwargs)
  File "/home/austen/ComputerVisionProject/SaMam/.venv/lib/python3.10/site-packages/torch/optim/optimizer.py", line 76, in _use_grad
    ret = func(self, *args, **kwargs)
  File "/home/austen/ComputerVisionProject/SaMam/.venv/lib/python3.10/site-packages/torch/optim/adam.py", line 148, in step
    loss = closure()
  File "/home/austen/ComputerVisionProject/SaMam/.venv/lib/python3.10/site-packages/pytorch_lightning/plugins/precision/precision.py", line 109, in _wrap_closure
    closure_result = closure()
  File "/home/austen/ComputerVisionProject/SaMam/.venv/lib/python3.10/site-packages/pytorch_lightning/loops/optimization/automatic.py", line 146, in __call__
    self._result = self.closure(*args, **kwargs)
  File "/home/austen/ComputerVisionProject/SaMam/.venv/lib/python3.10/site-packages/torch/utils/_contextlib.py", line 115, in decorate_context
    return func(*args, **kwargs)
  File "/home/austen/ComputerVisionProject/SaMam/.venv/lib/python3.10/site-packages/pytorch_lightning/loops/optimization/automatic.py", line 140, in closure
    self._backward_fn(step_output.closure_loss)
  File "/home/austen/ComputerVisionProject/SaMam/.venv/lib/python3.10/site-packages/pytorch_lightning/loops/optimization/automatic.py", line 241, in backward_fn
    call._call_strategy_hook(self.trainer, "backward", loss, optimizer)
  File "/home/austen/ComputerVisionProject/SaMam/.venv/lib/python3.10/site-packages/pytorch_lightning/trainer/call.py", line 329, in _call_strategy_hook
    output = fn(*args, **kwargs)
  File "/home/austen/ComputerVisionProject/SaMam/.venv/lib/python3.10/site-packages/pytorch_lightning/strategies/strategy.py", line 213, in backward
    self.precision_plugin.backward(closure_loss, self.lightning_module, optimizer, *args, **kwargs)
  File "/home/austen/ComputerVisionProject/SaMam/.venv/lib/python3.10/site-packages/pytorch_lightning/plugins/precision/precision.py", line 73, in backward
    model.backward(tensor, *args, **kwargs)
  File "/home/austen/ComputerVisionProject/SaMam/.venv/lib/python3.10/site-packages/pytorch_lightning/core/module.py", line 1137, in backward
    loss.backward(*args, **kwargs)
  File "/home/austen/ComputerVisionProject/SaMam/.venv/lib/python3.10/site-packages/torch/_tensor.py", line 525, in backward
    torch.autograd.backward(
  File "/home/austen/ComputerVisionProject/SaMam/.venv/lib/python3.10/site-packages/torch/autograd/__init__.py", line 267, in backward
    _engine_run_backward(
  File "/home/austen/ComputerVisionProject/SaMam/.venv/lib/python3.10/site-packages/torch/autograd/graph.py", line 744, in _engine_run_backward
    return Variable._execution_engine.run_backward(  # Calls into the C++ engine to run the backward pass
  File "/home/austen/ComputerVisionProject/SaMam/.venv/lib/python3.10/site-packages/torch/utils/data/_utils/signal_handling.py", line 66, in handler
    _error_if_any_worker_fails()
RuntimeError: DataLoader worker (pid 1315414) is killed by signal: Terminated. 
