GPU available: True (cuda), used: True
TPU available: False, using: 0 TPU cores
💡 Tip: For seamless cloud logging and experiment tracking, try installing [litlogger](https://pypi.org/project/litlogger/) to enable LitLogger, which logs metrics and artifacts automatically to the Lightning Experiments platform.
/home/austen/ComputerVisionProject/SaMam/.venv/lib/python3.10/site-packages/pytorch_lightning/callbacks/model_checkpoint.py:881: Checkpoint directory /home/austen/ComputerVisionProject/SaMam/OUTPUT/ps8_lr2e-04_bs8_it50k_id1_es1_hb1_hd0.25-0.25-0.25_ssim0_ssim_w2_silu_20260512_115845 exists and is not empty.
LOCAL_RANK: 0 - CUDA_VISIBLE_DEVICES: [0]
SLURM auto-requeueing enabled. Setting signal handlers.
/home/austen/ComputerVisionProject/SaMam/.venv/lib/python3.10/site-packages/pytorch_lightning/trainer/connectors/data_connector.py:434: The 'val_dataloader' does not have many workers which may be a bottleneck. Consider increasing the value of the `num_workers` argument` to `num_workers=23` in the `DataLoader` to improve performance.
Traceback (most recent call last):
  File "/home/austen/ComputerVisionProject/SaMam/./TRAIN/train_SaMam.py", line 291, in <module>
    trainer.fit(model, datamodule=datamodule)
  File "/home/austen/ComputerVisionProject/SaMam/.venv/lib/python3.10/site-packages/pytorch_lightning/trainer/trainer.py", line 584, in fit
    call._call_and_handle_interrupt(
  File "/home/austen/ComputerVisionProject/SaMam/.venv/lib/python3.10/site-packages/pytorch_lightning/trainer/call.py", line 49, in _call_and_handle_interrupt
    return trainer_fn(*args, **kwargs)
  File "/home/austen/ComputerVisionProject/SaMam/.venv/lib/python3.10/site-packages/pytorch_lightning/trainer/trainer.py", line 630, in _fit_impl
    self._run(model, ckpt_path=ckpt_path, weights_only=weights_only)
  File "/home/austen/ComputerVisionProject/SaMam/.venv/lib/python3.10/site-packages/pytorch_lightning/trainer/trainer.py", line 1079, in _run
    results = self._run_stage()
  File "/home/austen/ComputerVisionProject/SaMam/.venv/lib/python3.10/site-packages/pytorch_lightning/trainer/trainer.py", line 1121, in _run_stage
    self._run_sanity_check()
  File "/home/austen/ComputerVisionProject/SaMam/.venv/lib/python3.10/site-packages/pytorch_lightning/trainer/trainer.py", line 1150, in _run_sanity_check
    val_loop.run()
  File "/home/austen/ComputerVisionProject/SaMam/.venv/lib/python3.10/site-packages/pytorch_lightning/loops/utilities.py", line 179, in _decorator
    return loop_run(self, *args, **kwargs)
  File "/home/austen/ComputerVisionProject/SaMam/.venv/lib/python3.10/site-packages/pytorch_lightning/loops/evaluation_loop.py", line 146, in run
    self._evaluation_step(batch, batch_idx, dataloader_idx, dataloader_iter)
  File "/home/austen/ComputerVisionProject/SaMam/.venv/lib/python3.10/site-packages/pytorch_lightning/loops/evaluation_loop.py", line 441, in _evaluation_step
    output = call._call_strategy_hook(trainer, hook_name, *step_args)
  File "/home/austen/ComputerVisionProject/SaMam/.venv/lib/python3.10/site-packages/pytorch_lightning/trainer/call.py", line 329, in _call_strategy_hook
    output = fn(*args, **kwargs)
  File "/home/austen/ComputerVisionProject/SaMam/.venv/lib/python3.10/site-packages/pytorch_lightning/strategies/strategy.py", line 412, in validation_step
    return self.lightning_module.validation_step(*args, **kwargs)
  File "/home/austen/ComputerVisionProject/SaMam/TRAIN/lightning_module/lightningmodel.py", line 110, in validation_step
    return self.shared_step(batch, 'val')
  File "/home/austen/ComputerVisionProject/SaMam/TRAIN/lightning_module/lightningmodel.py", line 124, in shared_step
    for i in range(0, batch_size):
NameError: name 'batch_size' is not defined
Traceback (most recent call last):
  File "/home/austen/ComputerVisionProject/SaMam/./TEST/eval.py", line 441, in <module>
    main()
  File "/home/austen/ComputerVisionProject/SaMam/./TEST/eval.py", line 348, in main
    raise FileNotFoundError(f"Checkpoint not found: {ckpt_path}")
FileNotFoundError: Checkpoint not found: OUTPUT/ps8_lr2e-04_bs8_it50k_id1_es1_hb1_hd0.25-0.25-0.25_ssim0_ssim_w2_silu_20260512_115845/checkpoint.ckpt
